android/build/app/intermediates/manifest_merge_blame_file/debug/manifest-merger-blame-debug-report.txt
1<?xml version="1.0" encoding="utf-8"?>
2<manifest xmlns:android="http://schemas.android.com/apk/res/android"
3    package="com.example.accountplan"
4    android:versionCode="1"
5    android:versionName="1.0.0" >
6
7    <uses-sdk
8        android:minSdkVersion="16"
9        android:targetSdkVersion="28" />
10    <!--
11         Flutter needs it to communicate with the running application
12         to allow setting breakpoints, to provide hot reload, etc.
13    -->
14    <uses-permission android:name="android.permission.INTERNET" />
14-->src/debug/AndroidManifest.xml:6:5-66
14-->src/debug/AndroidManifest.xml:6:22-64
15    <!-- Although the *SdkVersion is captured in gradle build files, this is required for non gradle builds -->
16    <!-- <uses-sdk android:minSdkVersion="14" /> -->
17    <uses-permission android:name="android.permission.ACCESS_NETWORK_STATE" />
17-->[com.google.firebase:firebase-firestore:21.3.0] AndroidManifest.xml:13:5-79
17-->[com.google.firebase:firebase-firestore:21.3.0] AndroidManifest.xml:13:22-76
18    <!--
19 io.flutter.app.FlutterApplication is an android.app.Application that
20         calls FlutterMain.startInitialization(this); in its onCreate method.
21         In most cases you can leave this as-is, but you if you want to provide
22         additional functionality it is fine to subclass or reimplement
23         FlutterApplication and put your custom class here.
24    -->
25    <application
25-->src/main/AndroidManifest.xml:9:5-32:19
26        android:name="io.flutter.app.FlutterApplication"
26-->src/main/AndroidManifest.xml:10:9-57
27        android:appComponentFactory="androidx.core.app.CoreComponentFactory"
27-->[androidx.core:core:1.0.0] AndroidManifest.xml:22:18-86
28        android:debuggable="true"
29        android:icon="@mipmap/ic_launcher"
29-->src/main/AndroidManifest.xml:12:9-43
30        android:label="accountplan" >
30-->src/main/AndroidManifest.xml:11:9-36
31        <activity
31-->src/main/AndroidManifest.xml:13:9-31:20
32            android:name="com.example.accountplan.MainActivity"
32-->src/main/AndroidManifest.xml:14:13-41
33            android:configChanges="orientation|keyboardHidden|keyboard|screenSize|locale|layoutDirection|fontScale|screenLayout|density|uiMode"
33-->src/main/AndroidManifest.xml:17:13-144
34            android:hardwareAccelerated="true"
34-->src/main/AndroidManifest.xml:18:13-47
35            android:launchMode="singleTop"
35-->src/main/AndroidManifest.xml:15:13-43
36            android:theme="@style/LaunchTheme"
36-->src/main/AndroidManifest.xml:16:13-47
37            android:windowSoftInputMode="adjustResize" >
37-->src/main/AndroidManifest.xml:19:13-55
38
39            <!--
40                 This keeps the window background of the activity showing
41                 until Flutter renders its first frame. It can be removed if
42                 there is no splash screen (such as the default splash screen
43                 defined in @style/LaunchTheme).
44            -->
45            <meta-data
45-->src/main/AndroidManifest.xml:24:13-26:40
46                android:name="io.flutter.app.android.SplashScreenUntilFirstFrame"
46-->src/main/AndroidManifest.xml:25:17-82
47                android:value="true" />
47-->src/main/AndroidManifest.xml:26:17-37
48
49            <intent-filter>
49-->src/main/AndroidManifest.xml:27:13-30:29
50                <action android:name="android.intent.action.MAIN" />
50-->src/main/AndroidManifest.xml:28:17-68
50-->src/main/AndroidManifest.xml:28:25-66
51
52                <category android:name="android.intent.category.LAUNCHER" />
52-->src/main/AndroidManifest.xml:29:17-76
52-->src/main/AndroidManifest.xml:29:27-74
53            </intent-filter>
54        </activity>
55
56        <service
56-->[:cloud_firestore] AndroidManifest.xml:8:9-12:19
57            android:name="com.google.firebase.components.ComponentDiscoveryService"
57-->[:cloud_firestore] AndroidManifest.xml:8:18-89
58            android:directBootAware="true"
58-->[com.google.firebase:firebase-common:19.3.0] AndroidManifest.xml:34:13-43
59            android:exported="false" >
59-->[com.google.firebase:firebase-firestore:21.3.0] AndroidManifest.xml:19:13-37
60            <meta-data
60-->[:cloud_firestore] AndroidManifest.xml:9:13-11:85
61                android:name="com.google.firebase.components:io.flutter.plugins.firebase.cloudfirestore.FlutterFirebaseAppRegistrar"
61-->[:cloud_firestore] AndroidManifest.xml:10:17-133
62                android:value="com.google.firebase.components.ComponentRegistrar" />
62-->[:cloud_firestore] AndroidManifest.xml:11:17-82
63            <meta-data
63-->[:firebase_core] AndroidManifest.xml:9:13-11:85
64                android:name="com.google.firebase.components:io.flutter.plugins.firebase.core.FlutterFirebaseAppRegistrar"
64-->[:firebase_core] AndroidManifest.xml:10:17-123
65                android:value="com.google.firebase.components.ComponentRegistrar" />
65-->[:firebase_core] AndroidManifest.xml:11:17-82
66            <meta-data
66-->[com.google.firebase:firebase-firestore:21.3.0] AndroidManifest.xml:20:13-22:85
67                android:name="com.google.firebase.components:com.google.firebase.firestore.FirestoreRegistrar"
67-->[com.google.firebase:firebase-firestore:21.3.0] AndroidManifest.xml:21:17-111
68                android:value="com.google.firebase.components.ComponentRegistrar" />
68-->[com.google.firebase:firebase-firestore:21.3.0] AndroidManifest.xml:22:17-82
69        </service>
70
71        <activity
71-->[com.google.android.gms:play-services-base:17.0.0] AndroidManifest.xml:23:9-26:75
72            android:name="com.google.android.gms.common.api.GoogleApiActivity"
72-->[com.google.android.gms:play-services-base:17.0.0] AndroidManifest.xml:24:13-79
73            android:exported="false"
73-->[com.google.android.gms:play-services-base:17.0.0] AndroidManifest.xml:25:13-37
74            android:theme="@android:style/Theme.Translucent.NoTitleBar" />
74-->[com.google.android.gms:play-services-base:17.0.0] AndroidManifest.xml:26:13-72
75
76        <provider
76-->[com.google.firebase:firebase-common:19.3.0] AndroidManifest.xml:26:9-30:39
77            android:name="com.google.firebase.provider.FirebaseInitProvider"
77-->[com.google.firebase:firebase-common:19.3.0] AndroidManifest.xml:27:13-77
78            android:authorities="com.example.accountplan.firebaseinitprovider"
78-->[com.google.firebase:firebase-common:19.3.0] AndroidManifest.xml:28:13-72
79            android:exported="false"
79-->[com.google.firebase:firebase-common:19.3.0] AndroidManifest.xml:29:13-37
80            android:initOrder="100" />
80-->[com.google.firebase:firebase-common:19.3.0] AndroidManifest.xml:30:13-36
81
82        <meta-data
82-->[com.google.android.gms:play-services-basement:17.0.0] AndroidManifest.xml:23:9-25:69
83            android:name="com.google.android.gms.version"
83-->[com.google.android.gms:play-services-basement:17.0.0] AndroidManifest.xml:24:13-58
84            android:value="@integer/google_play_services_version" />
84-->[com.google.android.gms:play-services-basement:17.0.0] AndroidManifest.xml:25:13-66
85    </application>
86
87</manifest>